This is pdfTeX, Version 3.14159265-2.6-1.40.19 (MiKTeX 2.9.6800 64-bit) (preloaded format=pdflatex 2019.8.18)  18 AUG 2019 20:13
entering extended mode
**"./mapa conceptual.tex"
("mapa conceptual.tex"
LaTeX2e <2018-04-01> patch level 5

("C:\Users\jesusesteban\AppData\Local\Programs\MiKTeX 2.9\tex\latex\base\articl
e.cls"
Document Class: article 2014/09/29 v1.4h Standard LaTeX document class

("C:\Users\jesusesteban\AppData\Local\Programs\MiKTeX 2.9\tex\latex\base\size12
.clo"
File: size12.clo 2014/09/29 v1.4h Standard LaTeX file (size option)
)
\c@part=\count80
\c@section=\count81
\c@subsection=\count82
\c@subsubsection=\count83
\c@paragraph=\count84
\c@subparagraph=\count85
\c@figure=\count86
\c@table=\count87
\abovecaptionskip=\skip41
\belowcaptionskip=\skip42
\bibindent=\dimen102
)
("C:\Users\jesusesteban\AppData\Local\Programs\MiKTeX 2.9\tex\latex\base\inpute
nc.sty"
Package: inputenc 2018/04/06 v1.3b Input encoding file
\inpenc@prehook=\toks14
\inpenc@posthook=\toks15
)
("C:\Users\jesusesteban\AppData\Local\Programs\MiKTeX 2.9\tex\latex\base\fonten
c.sty"
Package: fontenc 2017/04/05 v2.0i Standard LaTeX package

("C:\Users\jesusesteban\AppData\Local\Programs\MiKTeX 2.9\tex\latex\base\t1enc.
def"
File: t1enc.def 2017/04/05 v2.0i Standard LaTeX file
LaTeX Font Info:    Redeclaring font encoding T1 on input line 48.
))
("C:\Users\jesusesteban\AppData\Local\Programs\MiKTeX 2.9\tex\generic\babel\bab
el.sty"
Package: babel 2018/06/05 3.22 The Babel package

("C:\Users\jesusesteban\AppData\Local\Programs\MiKTeX 2.9\tex\generic\babel\swi
tch.def"
File: switch.def 2018/06/05 3.22 Babel switching mechanism
)
("C:\Users\jesusesteban\AppData\Local\Programs\MiKTeX 2.9\tex\latex\babel-spani
sh\spanish.ldf"
Language: spanish.ldf 2016/03/03 v5.0p Spanish support from the babel system

("C:\Users\jesusesteban\AppData\Local\Programs\MiKTeX 2.9\tex\generic\babel\bab
el.def"
File: babel.def 2018/06/05 3.22 Babel common definitions
\babel@savecnt=\count88
\U@D=\dimen103

("C:\Users\jesusesteban\AppData\Local\Programs\MiKTeX 2.9\tex\generic\babel\txt
babel.def")
\bbl@dirlevel=\count89
)
\es@quottoks=\toks16
\es@quotdepth=\count90
Package babel Info: Making " an active character on input line 561.
))
("C:\Users\jesusesteban\AppData\Local\Programs\MiKTeX 2.9\tex\latex\geometry\ge
ometry.sty"
Package: geometry 2018/04/16 v5.8 Page Geometry

("C:\Users\jesusesteban\AppData\Local\Programs\MiKTeX 2.9\tex\latex\graphics\ke
yval.sty"
Package: keyval 2014/10/28 v1.15 key=value parser (DPC)
\KV@toks@=\toks17
)
("C:\Users\jesusesteban\AppData\Local\Programs\MiKTeX 2.9\tex\generic\oberdiek\
ifpdf.sty"
Package: ifpdf 2017/03/15 v3.2 Provides the ifpdf switch
)
("C:\Users\jesusesteban\AppData\Local\Programs\MiKTeX 2.9\tex\generic\oberdiek\
ifvtex.sty"
Package: ifvtex 2016/05/16 v1.6 Detect VTeX and its facilities (HO)
Package ifvtex Info: VTeX not detected.
)
("C:\Users\jesusesteban\AppData\Local\Programs\MiKTeX 2.9\tex\generic\ifxetex\i
fxetex.sty"
Package: ifxetex 2010/09/12 v0.6 Provides ifxetex conditional
)
\Gm@cnth=\count91
\Gm@cntv=\count92
\c@Gm@tempcnt=\count93
\Gm@bindingoffset=\dimen104
\Gm@wd@mp=\dimen105
\Gm@odd@mp=\dimen106
\Gm@even@mp=\dimen107
\Gm@layoutwidth=\dimen108
\Gm@layoutheight=\dimen109
\Gm@layouthoffset=\dimen110
\Gm@layoutvoffset=\dimen111
\Gm@dimlist=\toks18

("C:\Users\jesusesteban\AppData\Local\Programs\MiKTeX 2.9\tex\latex\geometry\ge
ometry.cfg"))
No file "mapa conceptual".aux.
\openout1 = `"mapa conceptual.aux"'.

LaTeX Font Info:    Checking defaults for OML/cmm/m/it on input line 10.
LaTeX Font Info:    ... okay on input line 10.
LaTeX Font Info:    Checking defaults for T1/cmr/m/n on input line 10.
LaTeX Font Info:    ... okay on input line 10.
LaTeX Font Info:    Checking defaults for OT1/cmr/m/n on input line 10.
LaTeX Font Info:    ... okay on input line 10.
LaTeX Font Info:    Checking defaults for OMS/cmsy/m/n on input line 10.
LaTeX Font Info:    ... okay on input line 10.
LaTeX Font Info:    Checking defaults for OMX/cmex/m/n on input line 10.
LaTeX Font Info:    ... okay on input line 10.
LaTeX Font Info:    Checking defaults for U/cmr/m/n on input line 10.
LaTeX Font Info:    ... okay on input line 10.
LaTeX Info: Redefining \. on input line 10.
LaTeX Info: Redefining \% on input line 10.
*geometry* driver: auto-detecting
*geometry* detected driver: pdftex
*geometry* verbose mode - [ preamble ] result:
* driver: pdftex
* paper: letterpaper
* layout: <same size as paper>
* layoutoffset:(h,v)=(0.0pt,0.0pt)
* modes: 
* h-part:(L,W,R)=(56.9055pt, 500.484pt, 56.9055pt)
* v-part:(T,H,B)=(56.9055pt, 681.15898pt, 56.9055pt)
* \paperwidth=614.295pt
* \paperheight=794.96999pt
* \textwidth=500.484pt
* \textheight=681.15898pt
* \oddsidemargin=-15.36449pt
* \evensidemargin=-15.36449pt
* \topmargin=-52.36449pt
* \headheight=12.0pt
* \headsep=25.0pt
* \topskip=12.0pt
* \footskip=30.0pt
* \marginparwidth=44.0pt
* \marginparsep=10.0pt
* \columnsep=10.0pt
* \skip\footins=10.8pt plus 4.0pt minus 2.0pt
* \hoffset=0.0pt
* \voffset=0.0pt
* \mag=1000
* \@twocolumnfalse
* \@twosidefalse
* \@mparswitchfalse
* \@reversemarginfalse
* (1in=72.27pt=25.4mm, 1cm=28.453pt)


Underfull \hbox (badness 10000) in paragraph at lines 11--12

 []

LaTeX Font Info:    External font `cmex10' loaded for size
(Font)              <12> on input line 18.
LaTeX Font Info:    External font `cmex10' loaded for size
(Font)              <8> on input line 18.
LaTeX Font Info:    External font `cmex10' loaded for size
(Font)              <6> on input line 18.
[1

{C:/Users/jesusesteban/AppData/Local/MiKTeX/2.9/pdftex/config/pdftex.map}]
("mapa conceptual.aux"
LaTeX Info: Redefining \. on input line 3.
LaTeX Info: Redefining \% on input line 3.
) ) 
Here is how much of TeX's memory you used:
 1814 strings out of 492973
 24311 string characters out of 3123591
 97184 words of memory out of 3000000
 5715 multiletter control sequences out of 15000+200000
 7916 words of font info for 25 fonts, out of 3000000 for 9000
 1141 hyphenation exceptions out of 8191
 27i,16n,31p,175b,359s stack positions out of 5000i,500n,10000p,200000b,50000s
 <C:\Users\jesusesteban\AppData\Local\MiKTeX\2.9\fonts\pk\ljfour\jknappen\ec
\dpi600\ecrm1200.pk> <C:\Users\jesusesteban\AppData\Local\MiKTeX\2.9\fonts\pk\l
jfour\jknappen\ec\dpi600\ecbx1200.pk><C:/Users/jesusesteban/AppData/Local/Progr
ams/MiKTeX 2.9/fonts/type1/public/amsfonts/cm/cmex10.pfb>
Output written on "mapa conceptual.pdf" (1 page, 20019 bytes).
PDF statistics:
 49 PDF objects out of 1000 (max. 8388607)
 0 named destinations out of 1000 (max. 500000)
 1 words of extra memory for PDF output out of 10000 (max. 10000000)

